<?xml version="1.0" encoding="UTF-8"?>
<!-- Generated by org.testng.reporters.JUnitReportReporter -->
<testsuite skipped="0" hostname="zubair-PC" name="Practise.Login" tests="1" failures="0" timestamp="19 Oct 2020 15:46:02 GMT" time="7.584" errors="0">
  <testcase name="loginToApp" time="7.584" classname="Practise.Login"/>
</testsuite> <!-- Practise.Login -->
