<?xml version="1.0" encoding="UTF-8"?>
<!-- Generated by org.testng.reporters.JUnitReportReporter -->
<testsuite skipped="0" hostname="zubair-PC" name="com.vtigerV2.genericLib.ExcelLib" tests="1" failures="0" timestamp="17 Oct 2020 18:31:09 GMT" time="1.554" errors="0">
  <testcase name="getExcelData" time="1.554" classname="com.vtigerV2.genericLib.ExcelLib"/>
</testsuite> <!-- com.vtigerV2.genericLib.ExcelLib -->
